agent9: 2022/06/01 09:12:47 Creating memory
agent9: 2022/06/01 09:12:47 Creating executer
agent9: 2022/06/01 09:12:47 Connecting to coordinator
agent9: 2022/06/01 09:12:47 Starting main loop
agent8: 2022/06/01 09:12:44 Creating memory
agent8: 2022/06/01 09:12:44 Creating executer
agent8: 2022/06/01 09:12:44 Connecting to coordinator
agent8: 2022/06/01 09:12:44 Starting main loop
agent4: 2022/06/01 09:12:43 Creating memory
agent4: 2022/06/01 09:12:43 Creating executer
agent4: 2022/06/01 09:12:43 Connecting to coordinator
agent4: 2022/06/01 09:12:43 Starting main loop
agent5: 2022/06/01 09:12:45 Creating memory
agent5: 2022/06/01 09:12:45 Creating executer
agent5: 2022/06/01 09:12:45 Connecting to coordinator
agent5: 2022/06/01 09:12:45 Starting main loop
agent1: 2022/06/01 09:12:46 Creating memory
agent1: 2022/06/01 09:12:46 Creating executer
agent1: 2022/06/01 09:12:46 Connecting to coordinator
agent1: 2022/06/01 09:12:46 Starting main loop
agent0: 2022/06/01 09:12:48 Creating memory
agent2: 2022/06/01 09:12:44 Creating memory
agent0: 2022/06/01 09:12:48 Creating executer
agent0: 2022/06/01 09:12:48 Connecting to coordinator
agent2: 2022/06/01 09:12:44 Creating executer
agent2: 2022/06/01 09:12:44 Connecting to coordinator
agent2: 2022/06/01 09:12:44 Starting main loop
agent0: 2022/06/01 09:12:48 Starting main loop
coordinator: 2022/06/01 09:12:42 Starting listener
coordinator: 2022/06/01 09:12:42 Starting API
coordinator: 2022/06/01 09:12:43 New agent connected from 172.27.0.3:41958
coordinator: 2022/06/01 09:12:44 New agent connected from 172.27.0.4:50214
coordinator: 2022/06/01 09:12:44 New agent connected from 172.27.0.5:39226
coordinator: 2022/06/01 09:12:45 New agent connected from 172.27.0.6:56868
coordinator: 2022/06/01 09:12:46 New agent connected from 172.27.0.7:40132
coordinator: 2022/06/01 09:12:46 New agent connected from 172.27.0.8:47734
coordinator: 2022/06/01 09:12:47 New agent connected from 172.27.0.9:58648
coordinator: 2022/06/01 09:12:48 New agent connected from 172.27.0.10:38390
coordinator: 2022/06/01 09:12:48 New agent connected from 172.27.0.11:56254
agent3: 2022/06/01 09:12:46 Creating memory
agent3: 2022/06/01 09:12:46 Creating executer
agent3: 2022/06/01 09:12:46 Connecting to coordinator
agent3: 2022/06/01 09:12:46 Starting main loop
agent6: 2022/06/01 09:12:48 Creating memory
agent6: 2022/06/01 09:12:48 Creating executer
agent6: 2022/06/01 09:12:48 Connecting to coordinator
agent6: 2022/06/01 09:12:48 Starting main loop
agent7: 2022/06/01 09:12:49 Creating memory
agent7: 2022/06/01 09:12:49 Creating executer
agent7: 2022/06/01 09:12:49 Connecting to coordinator
coordinator: 2022/06/01 09:12:49 New agent connected from 172.27.0.12:37602
agent7: 2022/06/01 09:12:49 Starting main loop
